
Warning: This is a simple server for use in testing or debugging Angular applications
locally. It hasn't been reviewed for security issues.

Binding this server to an open connection can result in compromising your application or
computer. Using a different host than the one passed to the "--host" flag might result in
websocket connection issues. You might need to use "--disable-host-check" if that's the
case.
    
- Building...

Initial chunk files | Names         |  Raw size
polyfills.js        | polyfills     |  88.34 kB | 
styles.css          | styles        |  78.91 kB | 
main.js             | main          |  61.11 kB | 

                    | Initial total | 228.36 kB

Application bundle generation complete. [3.914 seconds]

Watch mode enabled. Watching for file changes...
NOTE: Raw file sizes do not reflect development server per-request transformations.
  ➜  Local:   http://localhost:4200/
  ➜  Network: http://10.128.0.5:4200/
- Changes detected. Rebuilding...

Initial chunk files | Names | Raw size
main.js             | main  | 61.11 kB | 

Application bundle generation complete. [0.727 seconds]

Page reload sent to client(s).
- Changes detected. Rebuilding...

Initial chunk files | Names | Raw size
main.js             | main  | 61.10 kB | 

Application bundle generation complete. [0.329 seconds]

Page reload sent to client(s).
- Changes detected. Rebuilding...

Initial chunk files | Names | Raw size
main.js             | main  | 61.10 kB | 

Application bundle generation complete. [0.472 seconds]

Page reload sent to client(s).
- Changes detected. Rebuilding...

Initial chunk files | Names | Raw size
main.js             | main  | 61.11 kB | 

Application bundle generation complete. [0.360 seconds]

Page reload sent to client(s).
- Changes detected. Rebuilding...

Initial chunk files | Names | Raw size
main.js             | main  | 61.11 kB | 

Application bundle generation complete. [0.217 seconds]

Page reload sent to client(s).
- Changes detected. Rebuilding...

Initial chunk files | Names | Raw size
main.js             | main  | 61.12 kB | 

Application bundle generation complete. [0.198 seconds]

Page reload sent to client(s).
- Changes detected. Rebuilding...

Initial chunk files | Names | Raw size
main.js             | main  | 61.10 kB | 

Application bundle generation complete. [0.401 seconds]

Page reload sent to client(s).
- Changes detected. Rebuilding...

Initial chunk files | Names | Raw size
main.js             | main  | 61.10 kB | 

Application bundle generation complete. [0.567 seconds]

Page reload sent to client(s).
- Changes detected. Rebuilding...

Initial chunk files | Names | Raw size
main.js             | main  | 61.10 kB | 

Application bundle generation complete. [0.531 seconds]

Page reload sent to client(s).
- Changes detected. Rebuilding...


No output file changes.

Application bundle generation complete. [0.627 seconds]

- Changes detected. Rebuilding...

Initial chunk files | Names | Raw size
main.js             | main  | 61.10 kB | 

Application bundle generation complete. [0.462 seconds]

Page reload sent to client(s).
- Changes detected. Rebuilding...

Initial chunk files | Names | Raw size
main.js             | main  | 61.10 kB | 

Application bundle generation complete. [0.465 seconds]

Page reload sent to client(s).
- Changes detected. Rebuilding...

Initial chunk files | Names | Raw size
main.js             | main  | 61.10 kB | 

Application bundle generation complete. [0.395 seconds]

Page reload sent to client(s).
- Changes detected. Rebuilding...

Initial chunk files | Names | Raw size
main.js             | main  | 61.10 kB | 

Application bundle generation complete. [0.199 seconds]

Page reload sent to client(s).
- Changes detected. Rebuilding...

Initial chunk files | Names | Raw size
main.js             | main  | 61.09 kB | 

Application bundle generation complete. [0.493 seconds]

Page reload sent to client(s).
- Changes detected. Rebuilding...

Initial chunk files | Names | Raw size
main.js             | main  | 57.69 kB | 

Application bundle generation complete. [0.165 seconds]

Page reload sent to client(s).
- Changes detected. Rebuilding...

Initial chunk files | Names | Raw size
main.js             | main  | 57.70 kB | 

Application bundle generation complete. [0.219 seconds]

Page reload sent to client(s).
- Changes detected. Rebuilding...

Initial chunk files | Names | Raw size
main.js             | main  | 57.73 kB | 

Application bundle generation complete. [0.191 seconds]

Page reload sent to client(s).
- Changes detected. Rebuilding...

Initial chunk files | Names | Raw size
main.js             | main  | 57.73 kB | 

Application bundle generation complete. [0.308 seconds]

Page reload sent to client(s).
- Changes detected. Rebuilding...

Initial chunk files | Names | Raw size
main.js             | main  | 57.76 kB | 

Application bundle generation complete. [0.194 seconds]

Page reload sent to client(s).
- Changes detected. Rebuilding...

Initial chunk files | Names | Raw size
main.js             | main  | 58.81 kB | 

Application bundle generation complete. [0.259 seconds]

Page reload sent to client(s).
- Changes detected. Rebuilding...

Initial chunk files | Names | Raw size
main.js             | main  | 58.89 kB | 

Application bundle generation complete. [0.330 seconds]

Page reload sent to client(s).
- Changes detected. Rebuilding...

Initial chunk files | Names | Raw size
main.js             | main  | 58.91 kB | 

Application bundle generation complete. [0.226 seconds]

Page reload sent to client(s).
- Changes detected. Rebuilding...


No output file changes.

Application bundle generation complete. [0.174 seconds]

- Changes detected. Rebuilding...

Initial chunk files | Names | Raw size
main.js             | main  | 58.93 kB | 

Application bundle generation complete. [0.129 seconds]

Page reload sent to client(s).
- Changes detected. Rebuilding...

Initial chunk files | Names | Raw size
main.js             | main  | 59.98 kB | 

Application bundle generation complete. [0.345 seconds]

Page reload sent to client(s).
- Changes detected. Rebuilding...

Initial chunk files | Names | Raw size
main.js             | main  | 60.08 kB | 

Application bundle generation complete. [0.180 seconds]

Page reload sent to client(s).
- Changes detected. Rebuilding...

Initial chunk files | Names | Raw size
main.js             | main  | 60.11 kB | 

Application bundle generation complete. [0.174 seconds]

Page reload sent to client(s).
- Changes detected. Rebuilding...


No output file changes.

Application bundle generation complete. [0.270 seconds]

- Changes detected. Rebuilding...

Initial chunk files | Names | Raw size
main.js             | main  | 60.09 kB | 

Application bundle generation complete. [0.243 seconds]

Page reload sent to client(s).
- Changes detected. Rebuilding...

Initial chunk files | Names | Raw size
main.js             | main  | 60.09 kB | 

Application bundle generation complete. [0.220 seconds]

Page reload sent to client(s).
- Changes detected. Rebuilding...

Initial chunk files | Names | Raw size
main.js             | main  | 60.09 kB | 

Application bundle generation complete. [0.364 seconds]

Page reload sent to client(s).
- Changes detected. Rebuilding...

Initial chunk files | Names | Raw size
main.js             | main  | 59.91 kB | 

Application bundle generation complete. [0.135 seconds]

Page reload sent to client(s).
- Changes detected. Rebuilding...


No output file changes.

Application bundle generation complete. [0.161 seconds]

- Changes detected. Rebuilding...

Initial chunk files | Names | Raw size
main.js             | main  | 59.91 kB | 

Application bundle generation complete. [0.353 seconds]

Page reload sent to client(s).
- Changes detected. Rebuilding...


No output file changes.

Application bundle generation complete. [0.183 seconds]

- Changes detected. Rebuilding...

Initial chunk files | Names | Raw size
main.js             | main  | 59.92 kB | 

Application bundle generation complete. [0.201 seconds]

Page reload sent to client(s).
- Changes detected. Rebuilding...

Initial chunk files | Names | Raw size
main.js             | main  | 59.94 kB | 

Application bundle generation complete. [0.419 seconds]

Page reload sent to client(s).
- Changes detected. Rebuilding...

Initial chunk files | Names | Raw size
main.js             | main  | 59.77 kB | 

Application bundle generation complete. [0.171 seconds]

Page reload sent to client(s).
- Changes detected. Rebuilding...

Initial chunk files | Names | Raw size
main.js             | main  | 59.60 kB | 

Application bundle generation complete. [0.364 seconds]

Page reload sent to client(s).
- Changes detected. Rebuilding...

Initial chunk files | Names | Raw size
main.js             | main  | 61.93 kB | 

Application bundle generation complete. [0.225 seconds]

Page reload sent to client(s).
- Changes detected. Rebuilding...

Initial chunk files | Names | Raw size
main.js             | main  | 61.93 kB | 

Application bundle generation complete. [0.348 seconds]

Page reload sent to client(s).
- Changes detected. Rebuilding...

Application bundle generation failed. [0.177 seconds]

✘ [ERROR] Expected hex digit.
   ╷
15 │     background-color: #1B98EO;  
   │                             ^
   ╵
  src/app/navbar/navbar.component.scss 15:29  root stylesheet [plugin angular-sass]


- Changes detected. Rebuilding...

Initial chunk files | Names         |  Raw size
polyfills.js        | polyfills     |  88.34 kB | 
styles.css          | styles        |  78.91 kB | 
main.js             | main          |  61.93 kB | 

                    | Initial total | 229.18 kB

Application bundle generation complete. [0.243 seconds]

Page reload sent to client(s).
- Changes detected. Rebuilding...

Initial chunk files | Names | Raw size
main.js             | main  | 61.95 kB | 

Application bundle generation complete. [0.315 seconds]

Page reload sent to client(s).
- Changes detected. Rebuilding...

Initial chunk files | Names | Raw size
main.js             | main  | 61.95 kB | 

Application bundle generation complete. [0.174 seconds]

Page reload sent to client(s).
- Changes detected. Rebuilding...

Initial chunk files | Names | Raw size
main.js             | main  | 61.97 kB | 

Application bundle generation complete. [0.158 seconds]

Page reload sent to client(s).
- Changes detected. Rebuilding...

Initial chunk files | Names | Raw size
main.js             | main  | 61.90 kB | 

Application bundle generation complete. [0.216 seconds]

Page reload sent to client(s).
- Changes detected. Rebuilding...

Initial chunk files | Names | Raw size
main.js             | main  | 61.91 kB | 

Application bundle generation complete. [0.305 seconds]

Page reload sent to client(s).
- Changes detected. Rebuilding...

Initial chunk files | Names | Raw size
main.js             | main  | 61.91 kB | 

Application bundle generation complete. [0.225 seconds]

Page reload sent to client(s).
- Changes detected. Rebuilding...

Initial chunk files | Names | Raw size
main.js             | main  | 61.91 kB | 

Application bundle generation complete. [0.157 seconds]

Page reload sent to client(s).
- Changes detected. Rebuilding...

Initial chunk files | Names | Raw size
main.js             | main  | 61.96 kB | 

Application bundle generation complete. [0.126 seconds]

Page reload sent to client(s).
- Changes detected. Rebuilding...

Initial chunk files | Names | Raw size
main.js             | main  | 61.96 kB | 

Application bundle generation complete. [0.308 seconds]

Page reload sent to client(s).
